Using pre-set license
Built from '2021.3/staging' branch; Version is '2021.3.19f1 (c9714fde33b6) revision 13201743'; Using compiler version '192829333'; Build Type 'Release'
OS: 'Windows 11  (10.0.22621) 64bit CoreSingleLanguage' Language: 'en' Physical Memory: 23982 MB
BatchMode: 1, IsHumanControllingUs: 0, StartBugReporterOnCrash: 0, Is64bit: 1, IsPro: 1

COMMAND LINE ARGUMENTS:
C:\Program Files\Unity\Hub\Editor\2021.3.19f1\Editor\Unity.exe
-adb2
-batchMode
-noUpm
-name
AssetImportWorker1
-projectPath
C:/UNITY GAME/PROJECT GAME DESIGN/PROJECT GAME DESIGN
-logFile
Logs/AssetImportWorker1.log
-srvPort
53302
Successfully changed project path to: C:/UNITY GAME/PROJECT GAME DESIGN/PROJECT GAME DESIGN
C:/UNITY GAME/PROJECT GAME DESIGN/PROJECT GAME DESIGN
[UnityMemory] Configuration Parameters - Can be set up in boot.config
    "memorysetup-bucket-allocator-granularity=16"
    "memorysetup-bucket-allocator-bucket-count=8"
    "memorysetup-bucket-allocator-block-size=33554432"
    "memorysetup-bucket-allocator-block-count=8"
    "memorysetup-main-allocator-block-size=16777216"
    "memorysetup-thread-allocator-block-size=16777216"
    "memorysetup-gfx-main-allocator-block-size=16777216"
    "memorysetup-gfx-thread-allocator-block-size=16777216"
    "memorysetup-cache-allocator-block-size=4194304"
    "memorysetup-typetree-allocator-block-size=2097152"
    "memorysetup-profiler-bucket-allocator-granularity=16"
    "memorysetup-profiler-bucket-allocator-bucket-count=8"
    "memorysetup-profiler-bucket-allocator-block-size=33554432"
    "memorysetup-profiler-bucket-allocator-block-count=8"
    "memorysetup-profiler-allocator-block-size=16777216"
    "memorysetup-profiler-editor-allocator-block-size=1048576"
    "memorysetup-temp-allocator-size-main=16777216"
    "memorysetup-job-temp-allocator-block-size=2097152"
    "memorysetup-job-temp-allocator-block-size-background=1048576"
    "memorysetup-job-temp-allocator-reduction-small-platforms=262144"
    "memorysetup-temp-allocator-size-background-worker=32768"
    "memorysetup-temp-allocator-size-job-worker=262144"
    "memorysetup-temp-allocator-size-preload-manager=33554432"
    "memorysetup-temp-allocator-size-nav-mesh-worker=65536"
    "memorysetup-temp-allocator-size-audio-worker=65536"
    "memorysetup-temp-allocator-size-cloud-worker=32768"
    "memorysetup-temp-allocator-size-gi-baking-worker=262144"
    "memorysetup-temp-allocator-size-gfx=262144"
Player connection [23416] Host "[IP] 172.16.100.19 [Port] 0 [Flags] 2 [Guid] 3568275295 [EditorId] 3568275295 [Version] 1048832 [Id] WindowsEditor(7,LAPTOP-2UTQPF4I) [Debug] 1 [PackageName] WindowsEditor [ProjectName] Editor" joined multi-casting on [225.0.0.222:54997]...

Player connection [23416] Host "[IP] 172.16.100.19 [Port] 0 [Flags] 2 [Guid] 3568275295 [EditorId] 3568275295 [Version] 1048832 [Id] WindowsEditor(7,LAPTOP-2UTQPF4I) [Debug] 1 [PackageName] WindowsEditor [ProjectName] Editor" joined alternative multi-casting on [225.0.0.222:34997]...

Refreshing native plugins compatible for Editor in 73.17 ms, found 3 plugins.
Preloading 0 native plugins for Editor in 0.00 ms.
Initialize engine version: 2021.3.19f1 (c9714fde33b6)
[Subsystems] Discovering subsystems at path C:/Program Files/Unity/Hub/Editor/2021.3.19f1/Editor/Data/Resources/UnitySubsystems
[Subsystems] Discovering subsystems at path C:/UNITY GAME/PROJECT GAME DESIGN/PROJECT GAME DESIGN/Assets
GfxDevice: creating device client; threaded=0; jobified=0
Direct3D:
    Version:  Direct3D 11.0 [level 11.1]
    Renderer: NVIDIA GeForce RTX 3050 Laptop GPU (ID=0x25a2)
    Vendor:   NVIDIA
    VRAM:     3977 MB
    Driver:   31.0.15.3168
Initialize mono
Mono path[0] = 'C:/Program Files/Unity/Hub/Editor/2021.3.19f1/Editor/Data/Managed'
Mono path[1] = 'C:/Program Files/Unity/Hub/Editor/2021.3.19f1/Editor/Data/MonoBleedingEdge/lib/mono/unityjit-win32'
Mono config path = 'C:/Program Files/Unity/Hub/Editor/2021.3.19f1/Editor/Data/MonoBleedingEdge/etc'
Using monoOptions --debugger-agent=transport=dt_socket,embedding=1,server=y,suspend=n,address=127.0.0.1:56056
Begin MonoManager ReloadAssembly
Registering precompiled unity dll's ...
Register platform support module: C:/Program Files/Unity/Hub/Editor/2021.3.19f1/Editor/Data/PlaybackEngines/WindowsStandaloneSupport/UnityEditor.WindowsStandalone.Extensions.dll
Register platform support module: C:/Program Files/Unity/Hub/Editor/2021.3.19f1/Editor/Data/PlaybackEngines/MetroSupport/UnityEditor.UWP.Extensions.dll
Registered in 0.005416 seconds.
Native extension for UWP target not found
Native extension for WindowsStandalone target not found
Refreshing native plugins compatible for Editor in 71.00 ms, found 3 plugins.
Preloading 0 native plugins for Editor in 0.00 ms.
Mono: successfully reloaded assembly
- Completed reload, in  0.633 seconds
Domain Reload Profiling:
	ReloadAssembly (633ms)
		BeginReloadAssembly (78ms)
			ExecutionOrderSort (0ms)
			DisableScriptedObjects (0ms)
			BackupInstance (0ms)
			ReleaseScriptingObjects (0ms)
			CreateAndSetChildDomain (1ms)
		EndReloadAssembly (445ms)
			LoadAssemblies (76ms)
			RebuildTransferFunctionScriptingTraits (0ms)
			SetupTypeCache (107ms)
			ReleaseScriptCaches (0ms)
			RebuildScriptCaches (30ms)
			SetupLoadedEditorAssemblies (254ms)
				LogAssemblyErrors (0ms)
				InitializePlatformSupportModulesInManaged (8ms)
				SetLoadedEditorAssemblies (0ms)
				RefreshPlugins (71ms)
				BeforeProcessingInitializeOnLoad (1ms)
				ProcessInitializeOnLoadAttributes (125ms)
				ProcessInitializeOnLoadMethodAttributes (48ms)
				AfterProcessingInitializeOnLoad (0ms)
				EditorAssembliesLoaded (0ms)
			ExecutionOrderSort2 (0ms)
			AwakeInstancesAfterBackupRestoration (0ms)
Platform modules already initialized, skipping
Registering precompiled user dll's ...
Registered in 0.004256 seconds.
Begin MonoManager ReloadAssembly
Symbol file LoadedFromMemory doesn't match image C:\UNITY GAME\PROJECT GAME DESIGN\PROJECT GAME DESIGN\Library\PackageCache\com.unity.visualscripting@1.8.0\Editor\VisualScripting.Core\Dependencies\YamlDotNet\Unity.VisualScripting.YamlDotNet.dll
Symbol file LoadedFromMemory doesn't match image C:\UNITY GAME\PROJECT GAME DESIGN\PROJECT GAME DESIGN\Library\PackageCache\com.unity.visualscripting@1.8.0\Editor\VisualScripting.Core\Dependencies\DotNetZip\Unity.VisualScripting.IonicZip.dll
Native extension for UWP target not found
Native extension for WindowsStandalone target not found
Refreshing native plugins compatible for Editor in 0.64 ms, found 3 plugins.
Preloading 0 native plugins for Editor in 0.00 ms.
Mono: successfully reloaded assembly
- Completed reload, in  0.967 seconds
Domain Reload Profiling:
	ReloadAssembly (968ms)
		BeginReloadAssembly (115ms)
			ExecutionOrderSort (0ms)
			DisableScriptedObjects (6ms)
			BackupInstance (0ms)
			ReleaseScriptingObjects (0ms)
			CreateAndSetChildDomain (23ms)
		EndReloadAssembly (739ms)
			LoadAssemblies (84ms)
			RebuildTransferFunctionScriptingTraits (0ms)
			SetupTypeCache (252ms)
			ReleaseScriptCaches (1ms)
			RebuildScriptCaches (49ms)
			SetupLoadedEditorAssemblies (322ms)
				LogAssemblyErrors (0ms)
				InitializePlatformSupportModulesInManaged (6ms)
				SetLoadedEditorAssemblies (0ms)
				RefreshPlugins (1ms)
				BeforeProcessingInitializeOnLoad (75ms)
				ProcessInitializeOnLoadAttributes (216ms)
				ProcessInitializeOnLoadMethodAttributes (19ms)
				AfterProcessingInitializeOnLoad (5ms)
				EditorAssembliesLoaded (0ms)
			ExecutionOrderSort2 (0ms)
			AwakeInstancesAfterBackupRestoration (7ms)
Platform modules already initialized, skipping
========================================================================
Worker process is ready to serve import requests
Launched and connected shader compiler UnityShaderCompiler.exe after 0.06 seconds
Refreshing native plugins compatible for Editor in 0.58 ms, found 3 plugins.
Preloading 0 native plugins for Editor in 0.00 ms.
Unloading 3049 Unused Serialized files (Serialized files now loaded: 0)
Unloading 24 unused Assets / (113.4 KB). Loaded Objects now: 3509.
Memory consumption went from 107.6 MB to 107.5 MB.
Total: 3.495800 ms (FindLiveObjects: 0.344400 ms CreateObjectMapping: 0.100900 ms MarkObjects: 2.895800 ms  DeleteObjects: 0.153000 ms)

AssetImportParameters requested are different than current active one (requested -> active):
  custom:video-decoder-ogg-theora: a1e56fd34408186e4bbccfd4996cb3dc -> 
  custom:container-muxer-webm: aa71ff27fc2769a1b78a27578f13a17b -> 
  custom:container-demuxer-webm: 4f35f7cbe854078d1ac9338744f61a02 -> 
  custom:video-encoder-webm-vp8: eb34c28f22e8b96e1ab97ce403110664 -> 
  custom:video-codec-MediaFoundation-h265: 746d11721c4dcdbdad8f713fa42b33f4 -> 
  custom:audio-encoder-webm-vorbis: bf7c407c2cedff20999df2af8eb42d56 -> 
  custom:framework-win-MediaFoundation: 216162199b28c13a410421893ffa2e32 -> 
  custom:container-demuxer-ogg: 62fdf1f143b41e24485cea50d1cbac27 -> 
  custom:video-decoder-webm-vp8: 9c59270c3fd7afecdb556c50c9e8de78 -> 
  custom:audio-decoder-ogg-vorbis: bf7c407c2cedff20999df2af8eb42d56 -> 
========================================================================
Received Import Request.
  Time since last request: 679746.334364 seconds.
  path: Assets/Scenes
  artifactKey: Guid(6ea315d0fd7389c41b19996891e99ae3) Importer(815301076,1909f56bfc062723c751e8b465ee728b)
Start importing Assets/Scenes using Guid(6ea315d0fd7389c41b19996891e99ae3) Importer(815301076,1909f56bfc062723c751e8b465ee728b)  -> (artifact id: 'b8193726cff86800c54781cdc6d54904') in 0.015670 seconds 
========================================================================
Received Import Request.
  Time since last request: 75.224514 seconds.
  path: Assets/Materials/Cow.mat
  artifactKey: Guid(2a0392e3a6e0f4142bddd19c6f82b4df) Importer(815301076,1909f56bfc062723c751e8b465ee728b)
Start importing Assets/Materials/Cow.mat using Guid(2a0392e3a6e0f4142bddd19c6f82b4df) Importer(815301076,1909f56bfc062723c751e8b465ee728b)  -> (artifact id: '969a3c258813dd15ac06b3c9bd1eb8cf') in 0.156598 seconds 
========================================================================
Received Import Request.
  Time since last request: 0.000037 seconds.
  path: Assets/Materials/Horse.mat
  artifactKey: Guid(43802f9774fdeb742852e16e69d3e4d9) Importer(815301076,1909f56bfc062723c751e8b465ee728b)
Start importing Assets/Materials/Horse.mat using Guid(43802f9774fdeb742852e16e69d3e4d9) Importer(815301076,1909f56bfc062723c751e8b465ee728b)  -> (artifact id: 'a581ae0c83744bea06b02a8e01bea92e') in 0.030884 seconds 
========================================================================
Received Import Request.
  Time since last request: 0.000048 seconds.
  path: Assets/Materials/Deer.mat
  artifactKey: Guid(cbee7a1a341b217438681252c636f6c3) Importer(815301076,1909f56bfc062723c751e8b465ee728b)
Start importing Assets/Materials/Deer.mat using Guid(cbee7a1a341b217438681252c636f6c3) Importer(815301076,1909f56bfc062723c751e8b465ee728b)  -> (artifact id: '0f2bbb7db062e73971769d2e7920712e') in 0.020026 seconds 
========================================================================
Received Import Request.
  Time since last request: 61.461385 seconds.
  path: Assets/Textures/Boy_Metallic.png
  artifactKey: Guid(c63723c07a91192449f3115ad59d70be) Importer(815301076,1909f56bfc062723c751e8b465ee728b)
Start importing Assets/Textures/Boy_Metallic.png using Guid(c63723c07a91192449f3115ad59d70be) Importer(815301076,1909f56bfc062723c751e8b465ee728b)  -> (artifact id: 'a4fcbc67df4cbd8f0acfcd6d3e7595f0') in 0.117046 seconds 
========================================================================
Received Import Request.
  Time since last request: 0.000054 seconds.
  path: Assets/Textures/Boy_Normal.png
  artifactKey: Guid(f246ca8596c42164dabfbbd78ab677a3) Importer(815301076,1909f56bfc062723c751e8b465ee728b)
Start importing Assets/Textures/Boy_Normal.png using Guid(f246ca8596c42164dabfbbd78ab677a3) Importer(815301076,1909f56bfc062723c751e8b465ee728b)  -> (artifact id: '16fdbf871c663587792a7121156472d0') in 0.152814 seconds 
========================================================================
Received Import Request.
  Time since last request: 0.000267 seconds.
  path: Assets/Textures/Cow.png
  artifactKey: Guid(7137c4569aa76804cbeaf881ab5a09e7) Importer(815301076,1909f56bfc062723c751e8b465ee728b)
Start importing Assets/Textures/Cow.png using Guid(7137c4569aa76804cbeaf881ab5a09e7) Importer(815301076,1909f56bfc062723c751e8b465ee728b)  -> (artifact id: 'f46170b1a366213e634062e2c2e971cf') in 0.144705 seconds 
========================================================================
Received Import Request.
  Time since last request: 0.000178 seconds.
  path: Assets/Textures/Deer.png
  artifactKey: Guid(803e8ed384366a7439fe84d012795651) Importer(815301076,1909f56bfc062723c751e8b465ee728b)
Start importing Assets/Textures/Deer.png using Guid(803e8ed384366a7439fe84d012795651) Importer(815301076,1909f56bfc062723c751e8b465ee728b)  -> (artifact id: '0e74f83fe6c23f87596a50310be49cfd') in 0.121502 seconds 
========================================================================
Received Import Request.
  Time since last request: 0.000239 seconds.
  path: Assets/Textures/Horse.png
  artifactKey: Guid(7ed5261563e73234aa64d1f6ee26fa86) Importer(815301076,1909f56bfc062723c751e8b465ee728b)
Start importing Assets/Textures/Horse.png using Guid(7ed5261563e73234aa64d1f6ee26fa86) Importer(815301076,1909f56bfc062723c751e8b465ee728b)  -> (artifact id: '157a0bf7148d67a5c269aa702ffee974') in 0.073343 seconds 
========================================================================
Received Import Request.
  Time since last request: 42.654827 seconds.
  path: Assets/AUDIO/SFX_DestroyAnimal.wav
  artifactKey: Guid(a092d3c61f1cbea4c9cfa6b8812584ca) Importer(815301076,1909f56bfc062723c751e8b465ee728b)
Start importing Assets/AUDIO/SFX_DestroyAnimal.wav using Guid(a092d3c61f1cbea4c9cfa6b8812584ca) Importer(815301076,1909f56bfc062723c751e8b465ee728b)  -> (artifact id: 'fd93f6973ed2196417a082a54ae74b73') in 0.084848 seconds 
========================================================================
Received Import Request.
  Time since last request: 0.000042 seconds.
  path: Assets/AUDIO/SFX_GameOver.mp3
  artifactKey: Guid(1cf9b7698b6570d47ac303b107619c4d) Importer(815301076,1909f56bfc062723c751e8b465ee728b)
Start importing Assets/AUDIO/SFX_GameOver.mp3 using Guid(1cf9b7698b6570d47ac303b107619c4d) Importer(815301076,1909f56bfc062723c751e8b465ee728b)  -> (artifact id: '6348669e2cf633533b27ed08bf2e3d9c') in 0.030343 seconds 
Editor requested this worker to shutdown with reason: Scaling down because of idle timeout
AssetImportWorker is now disconnected from the server
Process exiting
Exiting without the bug reporter. Application will terminate with return code 0