Using pre-set license
Built from '2021.3/staging' branch; Version is '2021.3.19f1 (c9714fde33b6) revision 13201743'; Using compiler version '192829333'; Build Type 'Release'
OS: 'Windows 11  (10.0.22621) 64bit CoreSingleLanguage' Language: 'en' Physical Memory: 23982 MB
BatchMode: 1, IsHumanControllingUs: 0, StartBugReporterOnCrash: 0, Is64bit: 1, IsPro: 1

COMMAND LINE ARGUMENTS:
C:\Program Files\Unity\Hub\Editor\2021.3.19f1\Editor\Unity.exe
-adb2
-batchMode
-noUpm
-name
AssetImportWorker4
-projectPath
C:/UNITY GAME/PROJECT GAME DESIGN/PROJECT GAME DESIGN
-logFile
Logs/AssetImportWorker4.log
-srvPort
53302
Successfully changed project path to: C:/UNITY GAME/PROJECT GAME DESIGN/PROJECT GAME DESIGN
C:/UNITY GAME/PROJECT GAME DESIGN/PROJECT GAME DESIGN
[UnityMemory] Configuration Parameters - Can be set up in boot.config
    "memorysetup-bucket-allocator-granularity=16"
    "memorysetup-bucket-allocator-bucket-count=8"
    "memorysetup-bucket-allocator-block-size=33554432"
    "memorysetup-bucket-allocator-block-count=8"
    "memorysetup-main-allocator-block-size=16777216"
    "memorysetup-thread-allocator-block-size=16777216"
    "memorysetup-gfx-main-allocator-block-size=16777216"
    "memorysetup-gfx-thread-allocator-block-size=16777216"
    "memorysetup-cache-allocator-block-size=4194304"
    "memorysetup-typetree-allocator-block-size=2097152"
    "memorysetup-profiler-bucket-allocator-granularity=16"
    "memorysetup-profiler-bucket-allocator-bucket-count=8"
    "memorysetup-profiler-bucket-allocator-block-size=33554432"
    "memorysetup-profiler-bucket-allocator-block-count=8"
    "memorysetup-profiler-allocator-block-size=16777216"
    "memorysetup-profiler-editor-allocator-block-size=1048576"
    "memorysetup-temp-allocator-size-main=16777216"
    "memorysetup-job-temp-allocator-block-size=2097152"
    "memorysetup-job-temp-allocator-block-size-background=1048576"
    "memorysetup-job-temp-allocator-reduction-small-platforms=262144"
    "memorysetup-temp-allocator-size-background-worker=32768"
    "memorysetup-temp-allocator-size-job-worker=262144"
    "memorysetup-temp-allocator-size-preload-manager=33554432"
    "memorysetup-temp-allocator-size-nav-mesh-worker=65536"
    "memorysetup-temp-allocator-size-audio-worker=65536"
    "memorysetup-temp-allocator-size-cloud-worker=32768"
    "memorysetup-temp-allocator-size-gi-baking-worker=262144"
    "memorysetup-temp-allocator-size-gfx=262144"
Player connection [29420] Host "[IP] 172.16.100.19 [Port] 0 [Flags] 2 [Guid] 3082506684 [EditorId] 3082506684 [Version] 1048832 [Id] WindowsEditor(7,LAPTOP-2UTQPF4I) [Debug] 1 [PackageName] WindowsEditor [ProjectName] Editor" joined multi-casting on [225.0.0.222:54997]...

Player connection [29420] Host "[IP] 172.16.100.19 [Port] 0 [Flags] 2 [Guid] 3082506684 [EditorId] 3082506684 [Version] 1048832 [Id] WindowsEditor(7,LAPTOP-2UTQPF4I) [Debug] 1 [PackageName] WindowsEditor [ProjectName] Editor" joined alternative multi-casting on [225.0.0.222:34997]...

Refreshing native plugins compatible for Editor in 73.08 ms, found 3 plugins.
Preloading 0 native plugins for Editor in 0.00 ms.
Initialize engine version: 2021.3.19f1 (c9714fde33b6)
[Subsystems] Discovering subsystems at path C:/Program Files/Unity/Hub/Editor/2021.3.19f1/Editor/Data/Resources/UnitySubsystems
[Subsystems] Discovering subsystems at path C:/UNITY GAME/PROJECT GAME DESIGN/PROJECT GAME DESIGN/Assets
GfxDevice: creating device client; threaded=0; jobified=0
Direct3D:
    Version:  Direct3D 11.0 [level 11.1]
    Renderer: NVIDIA GeForce RTX 3050 Laptop GPU (ID=0x25a2)
    Vendor:   NVIDIA
    VRAM:     3977 MB
    Driver:   31.0.15.3168
Initialize mono
Mono path[0] = 'C:/Program Files/Unity/Hub/Editor/2021.3.19f1/Editor/Data/Managed'
Mono path[1] = 'C:/Program Files/Unity/Hub/Editor/2021.3.19f1/Editor/Data/MonoBleedingEdge/lib/mono/unityjit-win32'
Mono config path = 'C:/Program Files/Unity/Hub/Editor/2021.3.19f1/Editor/Data/MonoBleedingEdge/etc'
Using monoOptions --debugger-agent=transport=dt_socket,embedding=1,server=y,suspend=n,address=127.0.0.1:56972
Begin MonoManager ReloadAssembly
Registering precompiled unity dll's ...
Register platform support module: C:/Program Files/Unity/Hub/Editor/2021.3.19f1/Editor/Data/PlaybackEngines/WindowsStandaloneSupport/UnityEditor.WindowsStandalone.Extensions.dll
Register platform support module: C:/Program Files/Unity/Hub/Editor/2021.3.19f1/Editor/Data/PlaybackEngines/MetroSupport/UnityEditor.UWP.Extensions.dll
Registered in 0.004728 seconds.
Native extension for UWP target not found
Native extension for WindowsStandalone target not found
Refreshing native plugins compatible for Editor in 72.61 ms, found 3 plugins.
Preloading 0 native plugins for Editor in 0.00 ms.
Mono: successfully reloaded assembly
- Completed reload, in  0.639 seconds
Domain Reload Profiling:
	ReloadAssembly (640ms)
		BeginReloadAssembly (75ms)
			ExecutionOrderSort (0ms)
			DisableScriptedObjects (0ms)
			BackupInstance (0ms)
			ReleaseScriptingObjects (0ms)
			CreateAndSetChildDomain (1ms)
		EndReloadAssembly (457ms)
			LoadAssemblies (73ms)
			RebuildTransferFunctionScriptingTraits (0ms)
			SetupTypeCache (120ms)
			ReleaseScriptCaches (0ms)
			RebuildScriptCaches (31ms)
			SetupLoadedEditorAssemblies (255ms)
				LogAssemblyErrors (0ms)
				InitializePlatformSupportModulesInManaged (10ms)
				SetLoadedEditorAssemblies (0ms)
				RefreshPlugins (73ms)
				BeforeProcessingInitializeOnLoad (1ms)
				ProcessInitializeOnLoadAttributes (124ms)
				ProcessInitializeOnLoadMethodAttributes (47ms)
				AfterProcessingInitializeOnLoad (0ms)
				EditorAssembliesLoaded (0ms)
			ExecutionOrderSort2 (0ms)
			AwakeInstancesAfterBackupRestoration (0ms)
Platform modules already initialized, skipping
Registering precompiled user dll's ...
Registered in 0.004149 seconds.
Begin MonoManager ReloadAssembly
Symbol file LoadedFromMemory doesn't match image C:\UNITY GAME\PROJECT GAME DESIGN\PROJECT GAME DESIGN\Library\PackageCache\com.unity.visualscripting@1.8.0\Editor\VisualScripting.Core\Dependencies\YamlDotNet\Unity.VisualScripting.YamlDotNet.dll
Symbol file LoadedFromMemory doesn't match image C:\UNITY GAME\PROJECT GAME DESIGN\PROJECT GAME DESIGN\Library\PackageCache\com.unity.visualscripting@1.8.0\Editor\VisualScripting.Core\Dependencies\DotNetZip\Unity.VisualScripting.IonicZip.dll
Native extension for UWP target not found
Native extension for WindowsStandalone target not found
Refreshing native plugins compatible for Editor in 0.81 ms, found 3 plugins.
Preloading 0 native plugins for Editor in 0.00 ms.
Mono: successfully reloaded assembly
- Completed reload, in  1.070 seconds
Domain Reload Profiling:
	ReloadAssembly (1071ms)
		BeginReloadAssembly (109ms)
			ExecutionOrderSort (0ms)
			DisableScriptedObjects (5ms)
			BackupInstance (0ms)
			ReleaseScriptingObjects (0ms)
			CreateAndSetChildDomain (20ms)
		EndReloadAssembly (840ms)
			LoadAssemblies (81ms)
			RebuildTransferFunctionScriptingTraits (0ms)
			SetupTypeCache (282ms)
			ReleaseScriptCaches (1ms)
			RebuildScriptCaches (51ms)
			SetupLoadedEditorAssemblies (382ms)
				LogAssemblyErrors (0ms)
				InitializePlatformSupportModulesInManaged (8ms)
				SetLoadedEditorAssemblies (1ms)
				RefreshPlugins (1ms)
				BeforeProcessingInitializeOnLoad (93ms)
				ProcessInitializeOnLoadAttributes (253ms)
				ProcessInitializeOnLoadMethodAttributes (19ms)
				AfterProcessingInitializeOnLoad (7ms)
				EditorAssembliesLoaded (0ms)
			ExecutionOrderSort2 (0ms)
			AwakeInstancesAfterBackupRestoration (8ms)
Platform modules already initialized, skipping
========================================================================
Worker process is ready to serve import requests
Launched and connected shader compiler UnityShaderCompiler.exe after 0.08 seconds
Refreshing native plugins compatible for Editor in 1.14 ms, found 3 plugins.
Preloading 0 native plugins for Editor in 0.00 ms.
Unloading 3049 Unused Serialized files (Serialized files now loaded: 0)
Unloading 24 unused Assets / (113.4 KB). Loaded Objects now: 3509.
Memory consumption went from 107.6 MB to 107.5 MB.
Total: 3.580200 ms (FindLiveObjects: 0.348300 ms CreateObjectMapping: 0.093400 ms MarkObjects: 2.994800 ms  DeleteObjects: 0.140900 ms)

AssetImportParameters requested are different than current active one (requested -> active):
  custom:video-decoder-ogg-theora: a1e56fd34408186e4bbccfd4996cb3dc -> 
  custom:container-muxer-webm: aa71ff27fc2769a1b78a27578f13a17b -> 
  custom:container-demuxer-webm: 4f35f7cbe854078d1ac9338744f61a02 -> 
  custom:video-encoder-webm-vp8: eb34c28f22e8b96e1ab97ce403110664 -> 
  custom:video-codec-MediaFoundation-h265: 746d11721c4dcdbdad8f713fa42b33f4 -> 
  custom:audio-encoder-webm-vorbis: bf7c407c2cedff20999df2af8eb42d56 -> 
  custom:framework-win-MediaFoundation: 216162199b28c13a410421893ffa2e32 -> 
  custom:container-demuxer-ogg: 62fdf1f143b41e24485cea50d1cbac27 -> 
  custom:video-decoder-webm-vp8: 9c59270c3fd7afecdb556c50c9e8de78 -> 
  custom:audio-decoder-ogg-vorbis: bf7c407c2cedff20999df2af8eb42d56 -> 
========================================================================
Received Import Request.
  Time since last request: 679899.318260 seconds.
  path: Assets/UI
  artifactKey: Guid(db2680e1f803c2a4093efac7e2b3d00f) Importer(815301076,1909f56bfc062723c751e8b465ee728b)
Start importing Assets/UI using Guid(db2680e1f803c2a4093efac7e2b3d00f) Importer(815301076,1909f56bfc062723c751e8b465ee728b)  -> (artifact id: '4d47d049587b5c182b5c647b53628fc0') in 0.017065 seconds 
========================================================================
Received Import Request.
  Time since last request: 4.518469 seconds.
  path: Assets/UI/New Folder
  artifactKey: Guid(6ad18ff94123d5b4099144c56f6152d3) Importer(815301076,1909f56bfc062723c751e8b465ee728b)
Start importing Assets/UI/New Folder using Guid(6ad18ff94123d5b4099144c56f6152d3) Importer(815301076,1909f56bfc062723c751e8b465ee728b)  -> (artifact id: '775e2407edf322a72c91979fb1a0cde1') in 0.010552 seconds 
========================================================================
Received Import Request.
  Time since last request: 7.650025 seconds.
  path: Assets/AUDIO
  artifactKey: Guid(b8817d516e3ca8148aa6aa26879aa757) Importer(815301076,1909f56bfc062723c751e8b465ee728b)
Start importing Assets/AUDIO using Guid(b8817d516e3ca8148aa6aa26879aa757) Importer(815301076,1909f56bfc062723c751e8b465ee728b)  -> (artifact id: '2dee72f839e85632f80a707ea60be514') in 0.009413 seconds 
========================================================================
Received Import Request.
  Time since last request: 15.184595 seconds.
  path: Assets/AUDIO/BGM_Gameplay.wav
  artifactKey: Guid(e9c02dc99f467584b85b808fe872dd70) Importer(815301076,1909f56bfc062723c751e8b465ee728b)
Start importing Assets/AUDIO/BGM_Gameplay.wav using Guid(e9c02dc99f467584b85b808fe872dd70) Importer(815301076,1909f56bfc062723c751e8b465ee728b)  -> (artifact id: '3807606f93754492f3f3f2f404fd2b75') in 0.152307 seconds 
========================================================================
Received Import Request.
  Time since last request: 15.568210 seconds.
  path: Assets/UI/square.jpg
  artifactKey: Guid(557e18bf2b9e1f0489a97fbee1144b41) Importer(815301076,1909f56bfc062723c751e8b465ee728b)
Start importing Assets/UI/square.jpg using Guid(557e18bf2b9e1f0489a97fbee1144b41) Importer(815301076,1909f56bfc062723c751e8b465ee728b)  -> (artifact id: '5f9cd2f4abd8fb1d98234dc74240ea3e') in 0.061664 seconds 
========================================================================
Received Import Request.
  Time since last request: 42.664166 seconds.
  path: Packages/com.unity.testtools.codecoverage
  artifactKey: Guid(37e2fae9013949daf3016af47382dd90) Importer(815301076,1909f56bfc062723c751e8b465ee728b)
Start importing Packages/com.unity.testtools.codecoverage using Guid(37e2fae9013949daf3016af47382dd90) Importer(815301076,1909f56bfc062723c751e8b465ee728b)  -> (artifact id: '1a26b7002931fba3277f6d32b650d8b6') in 0.009264 seconds 
========================================================================
Received Import Request.
  Time since last request: 0.038331 seconds.
  path: Packages/com.unity.testtools.codecoverage/package.json
  artifactKey: Guid(ba7d60725b0ec604698819352642be89) Importer(815301076,1909f56bfc062723c751e8b465ee728b)
Start importing Packages/com.unity.testtools.codecoverage/package.json using Guid(ba7d60725b0ec604698819352642be89) Importer(815301076,1909f56bfc062723c751e8b465ee728b)  -> (artifact id: 'b4ede392239df6bf770ed0fb43b79895') in 0.030153 seconds 
========================================================================
Received Import Request.
  Time since last request: 4.906046 seconds.
  path: Packages/com.unity.ext.nunit
  artifactKey: Guid(25a477c2f24db8778a4179421a32cc21) Importer(815301076,1909f56bfc062723c751e8b465ee728b)
Start importing Packages/com.unity.ext.nunit using Guid(25a477c2f24db8778a4179421a32cc21) Importer(815301076,1909f56bfc062723c751e8b465ee728b)  -> (artifact id: 'bef33f36b89a5a284746f1bc5605769f') in 0.009301 seconds 
========================================================================
Received Import Request.
  Time since last request: 0.031383 seconds.
  path: Packages/com.unity.ext.nunit/package.json
  artifactKey: Guid(8143d3a8390f2c64685e3bc272bd9e90) Importer(815301076,1909f56bfc062723c751e8b465ee728b)
Start importing Packages/com.unity.ext.nunit/package.json using Guid(8143d3a8390f2c64685e3bc272bd9e90) Importer(815301076,1909f56bfc062723c751e8b465ee728b)  -> (artifact id: 'b40fc5629c4141466786b845dfe4fc31') in 0.007477 seconds 
========================================================================
Received Import Request.
  Time since last request: 4.469455 seconds.
  path: Packages/com.unity.test-framework
  artifactKey: Guid(6023f2b823fc19b4e4a90875281ff117) Importer(815301076,1909f56bfc062723c751e8b465ee728b)
Start importing Packages/com.unity.test-framework using Guid(6023f2b823fc19b4e4a90875281ff117) Importer(815301076,1909f56bfc062723c751e8b465ee728b)  -> (artifact id: 'd7fa3eaee75c74043be1adbf12269771') in 0.009970 seconds 
========================================================================
Received Import Request.
  Time since last request: 1.189057 seconds.
  path: Packages/com.unity.test-framework/UnityEditor.TestRunner
  artifactKey: Guid(95cdf27b47eb82747ba9e51f41e72a35) Importer(815301076,1909f56bfc062723c751e8b465ee728b)
Start importing Packages/com.unity.test-framework/UnityEditor.TestRunner using Guid(95cdf27b47eb82747ba9e51f41e72a35) Importer(815301076,1909f56bfc062723c751e8b465ee728b)  -> (artifact id: 'ba3fcf491f3b87e775c42120db75525a') in 0.010141 seconds 
========================================================================
Received Import Request.
  Time since last request: 0.027610 seconds.
  path: Packages/com.unity.test-framework/UnityEditor.TestRunner/UnityEditor.TestRunner.asmdef
  artifactKey: Guid(0acc523941302664db1f4e527237feb3) Importer(815301076,1909f56bfc062723c751e8b465ee728b)
Start importing Packages/com.unity.test-framework/UnityEditor.TestRunner/UnityEditor.TestRunner.asmdef using Guid(0acc523941302664db1f4e527237feb3) Importer(815301076,1909f56bfc062723c751e8b465ee728b)  -> (artifact id: '331b621be2b0da2845ed65770d90741f') in 0.006068 seconds 
========================================================================
Received Import Request.
  Time since last request: 1.181479 seconds.
  path: Packages/com.unity.test-framework/UnityEditor.TestRunner/Api
  artifactKey: Guid(fa423365b1ce06a4dbdc6fb4a8597bfa) Importer(815301076,1909f56bfc062723c751e8b465ee728b)
Start importing Packages/com.unity.test-framework/UnityEditor.TestRunner/Api using Guid(fa423365b1ce06a4dbdc6fb4a8597bfa) Importer(815301076,1909f56bfc062723c751e8b465ee728b)  -> (artifact id: '53b39fd21cd7a9f4fccc9b08d211c98c') in 0.008795 seconds 
========================================================================
Received Import Request.
  Time since last request: 23.916815 seconds.
  path: Assets/Resources
  artifactKey: Guid(447265d3970af924cb40bc32fd764c07) Importer(815301076,1909f56bfc062723c751e8b465ee728b)
Start importing Assets/Resources using Guid(447265d3970af924cb40bc32fd764c07) Importer(815301076,1909f56bfc062723c751e8b465ee728b)  -> (artifact id: 'a11e323cccee3b0fc5e2f86b28724ba5') in 0.010284 seconds 
========================================================================
Received Import Request.
  Time since last request: 83.892586 seconds.
  path: Assets/Resources/Objects
  artifactKey: Guid(ca90cb5d0ebc1ad47b258e402931cd01) Importer(815301076,1909f56bfc062723c751e8b465ee728b)
Start importing Assets/Resources/Objects using Guid(ca90cb5d0ebc1ad47b258e402931cd01) Importer(815301076,1909f56bfc062723c751e8b465ee728b)  -> (artifact id: '81f43e7deb366079d0308f2dc5d4fd87') in 0.011326 seconds 
========================================================================
Received Import Request.
  Time since last request: 1.772731 seconds.
  path: Assets/Resources/Objects/Cow
  artifactKey: Guid(e80987cc19500b94896e0b13bc8794cc) Importer(815301076,1909f56bfc062723c751e8b465ee728b)
Start importing Assets/Resources/Objects/Cow using Guid(e80987cc19500b94896e0b13bc8794cc) Importer(815301076,1909f56bfc062723c751e8b465ee728b)  -> (artifact id: 'bf34f6623470c43c71c677724996383c') in 0.008876 seconds 
========================================================================
Received Import Request.
  Time since last request: 0.036721 seconds.
  path: Assets/Resources/Objects/Cow/Cow.fbx
  artifactKey: Guid(17ebb65de380b3347a7bd854e0fed04c) Importer(815301076,1909f56bfc062723c751e8b465ee728b)
Start importing Assets/Resources/Objects/Cow/Cow.fbx using Guid(17ebb65de380b3347a7bd854e0fed04c) Importer(815301076,1909f56bfc062723c751e8b465ee728b)  -> (artifact id: 'fae80ab06b313607a16af1e31c85f1fd') in 0.105378 seconds 
========================================================================
Received Import Request.
  Time since last request: 404.740546 seconds.
  path: Assets/Resources/Audio
  artifactKey: Guid(6cf6a353d914edc4c9b5c7b0fd84b3d5) Importer(815301076,1909f56bfc062723c751e8b465ee728b)
Start importing Assets/Resources/Audio using Guid(6cf6a353d914edc4c9b5c7b0fd84b3d5) Importer(815301076,1909f56bfc062723c751e8b465ee728b)  -> (artifact id: '518ea733218faf65f4cc75d30600b1dd') in 0.010036 seconds 
========================================================================
Received Import Request.
  Time since last request: 0.025622 seconds.
  path: Assets/Resources/Audio/BGM_Gameplay.wav
  artifactKey: Guid(1532c7e67c2d60c4c8780da14b7e8fcf) Importer(815301076,1909f56bfc062723c751e8b465ee728b)
Start importing Assets/Resources/Audio/BGM_Gameplay.wav using Guid(1532c7e67c2d60c4c8780da14b7e8fcf) Importer(815301076,1909f56bfc062723c751e8b465ee728b)  -> (artifact id: '843dbc571839183a4b8da343b4cb2c95') in 0.020030 seconds 
========================================================================
Received Import Request.
  Time since last request: 0.000047 seconds.
  path: Assets/Resources/Audio/SFX_UI_Click_Button.wav
  artifactKey: Guid(fcf77559b4c484b4bb499c9a95c32e21) Importer(815301076,1909f56bfc062723c751e8b465ee728b)
Start importing Assets/Resources/Audio/SFX_UI_Click_Button.wav using Guid(fcf77559b4c484b4bb499c9a95c32e21) Importer(815301076,1909f56bfc062723c751e8b465ee728b)  -> (artifact id: '8ea0f50ccb78cdc04683d8578f98d09c') in 0.033523 seconds 
========================================================================
Received Import Request.
  Time since last request: 0.000169 seconds.
  path: Assets/Resources/Audio/SFX_ThrowFood.wav
  artifactKey: Guid(c6600c5491e54a044b5fa6d406a6e20b) Importer(815301076,1909f56bfc062723c751e8b465ee728b)
Start importing Assets/Resources/Audio/SFX_ThrowFood.wav using Guid(c6600c5491e54a044b5fa6d406a6e20b) Importer(815301076,1909f56bfc062723c751e8b465ee728b)  -> (artifact id: '665589730423b3de272a05aa01dda8e3') in 0.012869 seconds 
========================================================================
Received Import Request.
  Time since last request: 0.000088 seconds.
  path: Assets/Resources/Audio/SFX_Eat.wav
  artifactKey: Guid(aebae0e89d575dc43ae340319487ef87) Importer(815301076,1909f56bfc062723c751e8b465ee728b)
Start importing Assets/Resources/Audio/SFX_Eat.wav using Guid(aebae0e89d575dc43ae340319487ef87) Importer(815301076,1909f56bfc062723c751e8b465ee728b)  -> (artifact id: '5ae754c2986b1bdd6fe0fd11cfc02624') in 0.012281 seconds 
========================================================================
Received Import Request.
  Time since last request: 1.925892 seconds.
  path: Assets/Resources/Materials
  artifactKey: Guid(f223ce02f3fc245469435aaed8eba979) Importer(815301076,1909f56bfc062723c751e8b465ee728b)
Start importing Assets/Resources/Materials using Guid(f223ce02f3fc245469435aaed8eba979) Importer(815301076,1909f56bfc062723c751e8b465ee728b)  -> (artifact id: '7bb66432b822c0da34a2dc5f5bb33b67') in 0.002702 seconds 
========================================================================
Received Import Request.
  Time since last request: 0.028137 seconds.
  path: Assets/Resources/Materials/Boy.mat
  artifactKey: Guid(24e9aafaa245edd4599328f92509b135) Importer(815301076,1909f56bfc062723c751e8b465ee728b)
Start importing Assets/Resources/Materials/Boy.mat using Guid(24e9aafaa245edd4599328f92509b135) Importer(815301076,1909f56bfc062723c751e8b465ee728b)  -> (artifact id: 'ce8c7578c08f379a6e83bac0c926aceb') in 0.292853 seconds 
========================================================================
Received Import Request.
  Time since last request: 35.128307 seconds.
  path: Assets/Resources/Textures
  artifactKey: Guid(a62b02e540958774f86e2535a75d6e32) Importer(815301076,1909f56bfc062723c751e8b465ee728b)
Start importing Assets/Resources/Textures using Guid(a62b02e540958774f86e2535a75d6e32) Importer(815301076,1909f56bfc062723c751e8b465ee728b)  -> (artifact id: '9ebfdc1ea211d40eff764b675fcaaecc') in 0.002318 seconds 
========================================================================
Received Import Request.
  Time since last request: 0.030259 seconds.
  path: Assets/Resources/Textures/Boy.png
  artifactKey: Guid(54bb1770b4b7db948a2839c11420bd2f) Importer(815301076,1909f56bfc062723c751e8b465ee728b)
Start importing Assets/Resources/Textures/Boy.png using Guid(54bb1770b4b7db948a2839c11420bd2f) Importer(815301076,1909f56bfc062723c751e8b465ee728b)  -> (artifact id: 'fa842aa122063b47b239c8579813c17f') in 0.021885 seconds 
========================================================================
Received Import Request.
  Time since last request: 0.000044 seconds.
  path: Assets/Resources/Textures/Ground.png
  artifactKey: Guid(bca51241647d37e41978119e54055a59) Importer(815301076,1909f56bfc062723c751e8b465ee728b)
Start importing Assets/Resources/Textures/Ground.png using Guid(bca51241647d37e41978119e54055a59) Importer(815301076,1909f56bfc062723c751e8b465ee728b)  -> (artifact id: 'adb95b6662f91fae9b4bb6267e021937') in 0.016633 seconds 
========================================================================
Received Import Request.
  Time since last request: 0.000057 seconds.
  path: Assets/Resources/Textures/Horse.png
  artifactKey: Guid(6fd99c06550dd554b8fffb7b1a8a998c) Importer(815301076,1909f56bfc062723c751e8b465ee728b)
Start importing Assets/Resources/Textures/Horse.png using Guid(6fd99c06550dd554b8fffb7b1a8a998c) Importer(815301076,1909f56bfc062723c751e8b465ee728b)  -> (artifact id: '10ae4acdd778ab1cba6870c1fdc57fba') in 0.008590 seconds 
========================================================================
Received Import Request.
  Time since last request: 0.000034 seconds.
  path: Assets/Resources/Textures/Deer.png
  artifactKey: Guid(55a1cabb513db0d46a71212713585751) Importer(815301076,1909f56bfc062723c751e8b465ee728b)
Start importing Assets/Resources/Textures/Deer.png using Guid(55a1cabb513db0d46a71212713585751) Importer(815301076,1909f56bfc062723c751e8b465ee728b)  -> (artifact id: 'ca9a7b87e33780b4c09acb5eb4201908') in 0.016438 seconds 
Editor requested this worker to shutdown with reason: Scaling down because of idle timeout
AssetImportWorker is now disconnected from the server
Process exiting
Exiting without the bug reporter. Application will terminate with return code 0